top-left-squareclass
top-middle-squareclass
top-right-squareclass
middle-left-squareclass
middle-middle-squareclass
middle-right-squareclass
bottom-left-squareclass
bottom-middle-squareclass
bottom-right-squareclass
classclass

positivepositive0.988002630442
positivepositive0.995686953633
positivepositive0.993516476167
positivepositive0.985104686904
positivepositive0.998852483471
positivepositive0.998272248329
positivepositive0.997889311567
positivepositive0.999246041277
positivepositive0.998864580171
positivepositive0.997373129050
positivepositive0.992797366046
positivepositive0.993696446116
positivepositive0.997102929208
positivepositive0.997280253999
positivepositive0.994390100495
positivepositive0.991572524450
positivepositive0.996977323486
positivepositive0.996074038392
positivepositive0.999425144594
positivepositive0.998811555051
positivepositive0.998210661762
positivepositive0.999360963015
positivepositive0.995863801256
positivepositive0.998520578771
positivepositive0.997772892120
positivepositive0.998350653494
positivepositive0.995794980776
positivepositive0.993678521246
positivepositive0.995273841121
positivepositive0.995865078811
positivepositive0.997751685541
positivepositive0.994064200471
positivepositive0.994805973263
positivepositive0.997614299922
positivepositive0.998742188941
positivepositive0.998900019364
positivepositive0.999495882922
positivepositive0.998832721798
positivepositive0.998242511861
positivepositive0.983445869877
positivepositive0.994993233172
positivepositive0.982738397760
positivepositive0.995363171500
positivepositive0.997442835025
positivepositive0.997856188244
positivepositive0.998846744184
positivepositive0.997331926863
positivepositive0.998550241113
positivepositive0.998324757919
positivepositive0.995032609901
positivepositive0.997371205323
positivepositive0.990883494966
positivepositive0.999051169668
positivepositive0.998571255358
positivepositive0.996695776728
positivepositive0.997924836485
positivepositive0.999150608944
positivepositive0.994970658892
positivepositive0.993745174957
positivepositive0.998674251306
positivepositive0.998950431907
positivepositive0.999120304387
positivepositive0.999686013026
positivepositive0.999586434690
positivepositive0.998904838738
positivepositive0.999480007686
positivepositive0.997072972356
positivepositive0.999222038384
positivepositive0.999312768406
positivepositive0.999673766292
positivepositive0.999244432121
positivepositive0.998869725439
positivepositive0.994982418604
positivepositive0.998204308057
positivepositive0.997297213586
positivepositive0.999271789697
positivepositive0.999040969932
positivepositive0.997462676821
positivepositive0.998794342194
positivepositive0.994855898814
positivepositive0.994580784617
positivepositive0.998630536534
positivepositive0.998852124551
positivepositive0.996004594601
positivepositive0.998571067009
positivepositive0.997797210170
positivepositive0.999106481905
positivepositive0.998751342644
positivepositive0.998246970321
positivepositive0.999065069254
positivepositive0.999216402247
positivepositive0.998186254174
positivepositive0.994804355257
positivepositive0.999058617834
positivepositive0.998582465429
positivepositive0.998941519807
positivepositive0.999497433877
positivepositive0.998836310644
positivepositive0.997735484466
positivepositive0.992139708389
positivepositive0.998010014156
positivepositive0.999294218507
positivepositive0.999251020231
positivepositive0.998856235492
positivepositive0.999536347058
positivepositive0.999417038007
positivepositive0.999351951929
positivepositive0.999269033901
positivepositive0.999634251676
positivepositive0.999593407031
positivepositive0.999488773374
positivepositive0.998372816667
positivepositive0.994343003597
positivepositive0.999716185692
positivepositive0.999311401159
positivepositive0.999010004225
positivepositive0.995134545905
positivepositive0.998704984164
positivepositive0.999456779375
positivepositive0.998376634360
positivepositive0.997556377485
positivepositive0.998403764992
positivepositive0.997706011330
positivepositive0.995348062772
positivepositive0.996098701284
positivepositive0.986512993053
positivepositive0.995146743195
positivepositive0.998782707768
positivepositive0.998708242280
positivepositive0.998027925719
positivepositive0.999200177023
positivepositive0.998994450364
positivepositive0.998882236324
positivepositive0.998739293801
positivepositive0.999369022250
positivepositive0.999298579110
positivepositive0.999118140629
positivepositive0.999043166281
positivepositive0.993250260116
positivepositive0.997598702173
positivepositive0.997451992217
positivepositive0.999461516938
positivepositive0.998122863241
positivepositive0.999580895887
positivepositive0.999534095555
positivepositive0.999414207478
positivepositive0.999632475424
positivepositive0.997589540371
positivepositive0.985230594935
positivepositive0.997503679193
positivepositive0.999108068030
positivepositive0.998878676121
positivepositive0.996513710105
positivepositive0.991725106046
positivepositive0.999296344071
positivepositive0.998545475424
positivepositive0.997548082623
positivepositive0.988018392314
positivepositive0.996794086468
positivepositive0.985869109612
positivepositive0.994912918295
positivepositive0.992355909311
positivepositive0.997679985420
positivepositive0.991948174071
positivepositive0.992874825249
positivepositive0.997464519465
positivepositive0.996459075882
positivepositive0.995033388715
positivepositive0.993746563941
positivepositive0.997775983919
positivepositive0.994861943118
positivepositive0.985372388815
positivepositive0.997328933726
positivepositive0.995981423770
positivepositive0.996630208890
positivepositive0.995838520026
positivepositive0.998521986764
positivepositive0.998431597220
positivepositive0.997925162786
positivepositive0.997545678711
positivepositive0.999015627907
positivepositive0.996572308192
positivepositive0.997523244796
positivepositive0.997833696852
positivepositive0.999006616797
positivepositive0.997923627227
positivepositive0.999258315564
positivepositive0.997415815093
positivepositive0.993110450720
positivepositive0.996621282734
positivepositive0.997435028224
positivepositive0.999083498595
positivepositive0.999089951854
positivepositive0.998867060328
positivepositive0.998305522058
positivepositive0.998214567753
positivepositive0.997995465285
positivepositive0.999047773801
positivepositive0.999289051820
positivepositive0.999106164664
positivepositive0.994977312865
positivepositive0.994708657535
positivepositive0.997238117064
positivepositive0.998879323621
positivepositive0.996914794865
positivepositive0.997301307525
positivepositive0.998533582834
positivepositive0.991870460981
positivepositive0.998574375324
positivepositive0.999105286959
positivepositive0.998244627926
positivepositive0.995423799537
positivepositive0.999329560373
positivepositive0.997663633212
positivepositive0.993768565121
positivepositive0.999171522070
positivepositive0.998908955321
positivepositive0.999185378915
positivepositive0.998975849858
positivepositive0.994248506215
positivepositive0.993941105592
positivepositive0.998297303841
positivepositive0.998187797116
positivepositive0.998480914251
positivepositive0.999457574298
positivepositive0.998109137851
positivepositive0.990649396592
positivepositive0.996190894304
positivepositive0.998656492252
positivepositive0.994687978568
positivepositive0.995352164808
positivepositive0.997472200603
positivepositive0.986053716715
positivepositive0.997542445738
positivepositive0.998457060676
positivepositive0.996974735848
positivepositive0.994246701954
positivepositive0.997940031721
positivepositive0.996899852569
positivepositive0.998974844321
positivepositive0.997988960043
positivepositive0.998737608417
positivepositive0.998768763152
positivepositive0.998617926866
positivepositive0.996803516689
positivepositive0.995866454296
positivepositive0.999028592708
positivepositive0.994003628281
positivepositive0.992988911802
positivepositive0.997873049374
positivepositive0.997372580045
positivepositive0.998933969453
positivepositive0.996288717442
positivepositive0.998510365323
positivepositive0.998029314765
positivepositive0.997961075521
positivepositive0.997836457152
positivepositive0.994161765654
positivepositive0.996184238561
positivepositive0.998645077304
positivepositive0.998562204660
positivepositive0.999097644631
positivepositive0.996857259025
positivepositive0.997476283520
positivepositive0.999630910591
positivepositive0.998712822402
positivepositive0.998316394219
positivepositive0.998734858954
positivepositive0.999399246083
positivepositive0.999551506948
positivepositive0.999436096701
positivepositive0.996826443588
positivepositive0.996656362862
positivepositive0.998256378505
positivepositive0.999292927849
positivepositive0.999127114507
positivepositive0.999646211548
positivepositive0.999624549370
positivepositive0.994832143667
positivepositive0.997900052361
positivepositive0.999260150170
positivepositive0.997069516015
positivepositive0.997436695141
positivepositive0.998607236174
positivepositive0.992276192449
positivepositive0.998645982569
positivepositive0.999150249906
positivepositive0.998332770294
positivepositive0.996825445452
positivepositive0.998865240171
positivepositive0.998291444348
positivepositive0.999435542791
positivepositive0.998892217357
positivepositive0.999304845011
positivepositive0.994285260112
positivepositive0.998999850981
positivepositive0.999594599772
positivepositive0.999569778807
positivepositive0.997130618649
positivepositive0.996811074757
positivepositive0.999152266301
positivepositive0.999251127416
positivepositive0.995371973583
positivepositive0.998768394846
positivepositive0.994534492766
positivepositive0.998043438778
positivepositive0.997055320853
positivepositive0.999026356150
positivepositive0.998089915679
positivepositive0.998801026523
positivepositive0.997157651648
positivepositive0.996234602669
positivepositive0.997634796567
negativenegative0.991774719198
negativenegative0.998242188844
negativenegative0.997903104880
negativenegative0.998607137412
negativenegative0.998577833406
negativenegative0.997613861719
negativenegative0.994717048401
negativenegative0.998302692138
negativenegative0.995820554477
negativenegative0.996824001154
negativenegative0.994331532875
negativenegative0.988730979940
negativenegative0.999224096672
negativenegative0.997827964034
negativenegative0.997812581462
negativenegative0.998242563342
negativenegative0.993540809727
negativenegative0.998790401674
negativenegative0.993095314111
negativenegative0.993217363163
negativenegative0.996709697842
negativenegative0.993894806718
negativenegative0.994386923240
negativenegative0.995109982369
negativenegative0.990875232979
negativenegative0.991397355588
negativenegative0.990280435890
negativenegative0.990116602732
negativenegative0.992124340161
negativenegative0.995537353517
negativenegative0.987502835883
negativenegative0.991028502542
negativenegative0.997959253500
negativenegative0.996798929467
negativenegative0.986937164194
negativenegative0.997871148860
negativenegative0.992787895345
negativenegative0.993398151947
negativenegative0.992478211708
negativenegative0.986294164563
negativenegative0.992972890058
negativenegative0.995353759712
negativenegative0.987083503682
negativenegative0.988478656799
negativenegative0.986523336198
negativenegative0.994250477651
negativenegative0.999185659528
negativenegative0.997720522248
negativenegative0.997836589899
negativenegative0.993222740221
negativenegative0.998141766446
negativenegative0.986999499106
negativenegative0.997622135480
negativenegative0.990709817286
negativenegative0.994110271858
negativenegative0.991217595810
negativenegative0.988692731528
negativenegative0.999377569574
negativenegative0.998464912180
negativenegative0.998778845288
negativenegative0.998901427500
negativenegative0.990172005306
negativenegative0.990006362886
negativenegative0.990577729808
negativenegative0.998333498068
negativenegative0.995896225709
negativenegative0.996881561308
negativenegative0.998651731174
negativenegative0.993684002653
negativenegative0.994004368818
negativenegative0.995487301386
negativenegative0.999238191984
negativenegative0.998121552124
negativenegative0.998655573337
negativenegative0.999464138564
negativenegative0.999387200975
negativenegative0.999491469091
negativenegative0.997593451432
negativenegative0.997772684744
negativenegative0.999249978476
negativenegative0.999505438068
negativenegative0.998780042839
negativenegative0.999127026414
negativenegative0.992099698914
negativenegative0.999012684914
negativenegative0.994975644074
negativenegative0.995932476244
negativenegative0.998874220017
negativenegative0.995863860450
negativenegative0.998669070901
negativenegative0.996652110943
negativenegative0.990763730835
negativenegative0.987885241861
negativenegative0.990776237752
negativenegative0.991756841087
negativenegative0.995998158899
negativenegative0.992579070323
negativenegative0.998529137275
negativenegative0.997657872191
negativenegative0.993461971193
negativenegative0.994172232754
negativenegative0.993793529112
negativenegative0.995281339986
negativenegative0.991614280157
negativenegative0.995488707676
negativenegative0.987455630223
negativenegative0.988811044352
negativenegative0.988088130822
negativenegative0.990931154927
negativenegative0.993181033181
negativenegative0.998812737604
negativenegative0.992255890278
negativenegative0.999200452543
negativenegative0.998028604255
negativenegative0.998589012128
negativenegative0.987285849764
negativenegative0.987926806210
negativenegative0.998404314419
negativenegative0.993438587676
negativenegative0.998180684661
negativenegative0.995136215120
negativenegative0.999212822470
negativenegative0.998673716208
negativenegative0.998741309857
negativenegative0.991355745563
negativenegative0.994501010823
negativenegative0.991194666842
negativenegative0.995496327463
negativenegative0.997024787792
negativenegative0.991704152712
negativenegative0.992603953983
negativenegative0.991342617723
negativenegative0.992410689163
negativenegative0.999479259447
negativenegative0.998541587439
negativenegative0.998531251379
negativenegative0.998820131024
negativenegative0.995656848784
negativenegative0.990635174327
negativenegative0.998478585429
negativenegative0.994041047906
negativenegative0.996226827097
negativenegative0.994367784676
negativenegative0.992741940586
negativenegative0.992545817893
negativenegative0.992062269383
negativenegative0.989784482181
negativenegative0.991197399014
negativenegative0.998570604196
negativenegative0.994940586570
negativenegative0.993060168990
negativenegative0.993912308381
negativenegative0.990923292455
negativenegative0.988314815975
negativenegative0.991239584845
negativenegative0.998403275737
negativenegative0.993747456577
negativenegative0.998046156156
negativenegative0.998907339444
negativenegative0.989272319044
negativenegative0.995703822348
negativenegative0.996956737456
negativenegative0.991054544543
negativenegative0.998484269340
negativenegative0.998906100294
negativenegative0.989626716046

479
