lymphaticsclass
block_of_affereclass
bl_of_lymph_cclass
bl_of_lymph_sclass
by_passclass
extravasatesclass
regeneration_ofclass
early_uptake_inclass
lym_nodes_diminclass
lym_nodes_enlarclass
changes_in_lymclass
defect_in_nodeclass
changes_in_nodeclass
changes_in_struclass
special_formsclass
dislocation_ofclass
exclusion_of_noclass
no_of_nodes_inclass
classclass

malign_lymphmalign_lymph0.999998364661
malign_lymphmalign_lymph0.999367062037
malign_lymphmalign_lymph0.999984388956
malign_lymphmalign_lymph0.596329063520
malign_lymphmalign_lymph0.888356433551
malign_lymphmalign_lymph0.998951840723
malign_lymphmalign_lymph0.997650696079
malign_lymphmalign_lymph0.999986522674
malign_lymphmalign_lymph0.999988532520
malign_lymphmalign_lymph0.999868502844
metastasesmalign_lymph0.857379492702
malign_lymphmalign_lymph0.885776295261
malign_lymphmalign_lymph0.999804359427
malign_lymphmalign_lymph0.999971062841
malign_lymphmalign_lymph0.994155623937
malign_lymphmalign_lymph0.999928816539
malign_lymphmalign_lymph0.598740075007
malign_lymphmalign_lymph0.999854237811
metastasesmetastases0.998375979129
metastasesmetastases0.999928947652
metastasesmetastases0.999923777355
metastasesmetastases0.999966641740
metastasesmetastases0.999918833412
metastasesmetastases0.999323323007
metastasesmetastases0.999944079566
metastasesmetastases0.999987693955
metastasesmetastases0.999966673740
metastasesmetastases0.996594682259
metastasesmetastases0.999941570198
metastasesmetastases0.995628314695
metastasesmetastases0.999404258731
metastasesmetastases0.999366892537
metastasesmetastases0.998352167788
metastasesmetastases0.999622557452
metastasesmetastases0.999931373663
metastasesmetastases0.999937732825
metastasesmetastases0.998000961650
metastasesmetastases0.998645330336
metastasesmetastases0.999787018934
metastasesmetastases0.999075008910
metastasesmetastases0.942571120057
metastasesmetastases0.998278107514

41
