a1class
a2class
a3class
a4class
a5class
a6class

000.830928368123
000.771635766514
000.710759157494
000.628181564946
000.792050330167
000.723657767712
000.846836821834
000.791724837133
000.738259865
000.659775375628
000.585112452653
100.507712838855
000.686122084869
000.600464554719
000.760373219343
000.685696582543
000.710759157494
000.628181564946
000.551300528234
100.542081117374
000.655698122155
000.566977844504
000.734359922228
000.655252099409
000.851494593913
000.797658136356
000.741393631584
000.663420413508
000.816300239494
000.753400090991
000.865780492086
000.816003886027
000.766936740129
000.693480991311
000.62197679964
010.53078522907
000.718331872065
010.636811522611
000.787325250057
010.717932083597
000.741393631584
000.663420413508
000.58905917703
110.503643164827
000.689617643535
010.60436398683
000.763327103832
010.689194733325
000.788979451831
000.719934033723
000.651499640551
000.562419478909
000.743433706829
000.665798322294
000.807922592765
000.743056802775
000.682114738556
000.596007522858
000.517582796099
110.575490942749
000.62448177203
010.53344119776
000.707089555007
010.624018498292
000.651499640551
000.562419478909
100.516870992295
110.608773581265
000.591639065021
110.500976251627
000.677743398089
010.591161799846
000.813503149038
000.749938646834
000.685634477983
010.599921471802
000.771719004597
010.699179307671
000.830717164053
010.771370874006
000.714564678506
010.632511810447
010.555893141068
100.537464516857
010.659881414825
000.571534704499
010.737969404532
000.659437996614
000.685634477983
010.599921471802
010.521646731064
100.571508697749
010.62829190347
000.537490917691
010.710450148172
000.627830528909
000.814241680883
000.7508518033
000.686684350222
000.601091051713
000.772576744832
000.700203724056
000.831401655782
000.772229536232
000.715558016299
000.63364429767
000.557096408697
110.536252312199
000.660974765902
010.572728166474
000.73891105247
010.660532039821
000.686684350222
000.601091051713
000.522863144392
110.570314385044
000.629429776224
010.538702669807
000.711452022755
010.628968979969
000.836438158948
000.778562880099
000.718860080691
010.637415440724
000.798519886534
010.731533886171
000.851920569705
010.798201939952
000.745865958113
010.668638516727
010.594725869167
000.502221616839
010.694616557474
000.60995937513
010.767539047039
000.694197438148
000.718860080691
010.637415440724
010.561109735054
100.532201186058
010.66461348597
000.576707472273
010.742039746749
000.664173097368
000.797770288347
000.730619143356
000.663575588437
000.57557126337
000.753529194004
000.677623971327
000.816108213763
000.75316219643
000.693628707418
000.608851884702
000.530958320469
110.562338561936
000.636972252246
010.546762060642
000.718072806749
010.636515418746
000.663575588437
000.57557126337
100.503469419822
110.595928354596
000.604530158572
010.512429109901
000.689343589719
010.604057876874
000.821503490343
000.759860853001
000.697077576057
010.61272225366
000.78102932652
010.710337661968
000.83812599759
010.780691359346
000.725376498184
010.644887079823
010.569090792026
100.524108234656
010.671813229928
000.584614865951
010.748207081381
000.671377620647
000.697077576057
010.61272225366
010.535010805899
100.558327627416
010.640728561821
000.550793522474
010.721357045473
000.640273785747
000.750068960857
000.673559748137
000.600088274767
010.507795015411
000.699325468311
010.615250616054
000.771493422271
010.698910010337
000.632673345325
010.542162730348
110.537291734084
100.628104767497
010.571704893286
100.521446799244
010.659594065494
000.571221214951
000.600088274767
010.507795015411
110.571338489455
100.659701568715
010.537663690087
100.555695331454
010.627992911277
000.537172690506
000.777841345984
010.706507233755
010.636448748637
000.546201147925
010.730712114426
000.65103418787
010.797527756305
000.730323301076
010.667711673212
000.580104663987
000.501176554494
100.591445475399
000.608964388692
000.517071065327
000.693309293788
000.608493973016
010.636448748637
000.546201147925
100.53324178464
100.624293864901
000.575686668667
100.517382737194
000.663240054385
000.575204145823
000.77868267941
000.707517134651
000.637576055201
010.54740929541
000.731670359668
010.652140986904
000.798313866741
010.731282421084
000.66879248697
010.581291742922
010.502395366931
100.59026689242
010.610124712811
000.518288369424
010.694344961167
000.609654798255
000.637576055201
010.54740929541
110.532028149068
100.623149663783
010.576877127524
100.516165280962
010.664328100863
000.576394962312
000.804105902822
010.738368586041
010.672388888548
000.58524904966
010.760835311896
000.686243258721
010.821997509489
000.760475735137
010.702008259806
000.618274095633
000.540841854434
100.552534917613
000.646110803538
000.556590684602
000.726047844317
000.645659072681
010.672388888548
000.58524904966
000.506465246297
100.586323621469
000.61399047213
000.522351845787
000.697789279828
000.613522265513
000.776058920712
000.704370001827
000.634065588487
000.543650581431
000.728683455082
000.648693863411
000.79586182699
000.728292801789
000.665425716165
000.577597287229
100.501394771183
110.59392844091
000.606512450992
010.514502302841
000.69111797177
010.606040993881
000.634065588487
000.543650581431
100.535800853143
110.626703197392
000.573172321241
110.519950479136
000.660938956034
010.572689061455
000.801706789824
000.735429281416
000.669040584572
010.581564376438
000.758065707746
010.682969788828
000.819768401824
010.757703293051
000.698827083446
010.614689655515
010.537074722779
100.556280180855
010.642636669262
000.552845935493
010.723022045464
000.642182959672
000.669040584572
010.581564376438
010.502675421066
100.58999593159
010.610391155534
000.518568050326
010.694582659108
000.6099213568
000.725001707671
000.644456283691
000.568629551924
110.524577277783
000.671398454265
010.584158100537
000.747852617988
010.670962564085
000.602078176605
010.509869065789
110.56930483055
100.657836063877
010.539725962068
100.553645437681
010.629929591221
000.539235275728
000.568629551924
110.524577277783
110.602737675151
100.688160955076
010.505342219735
100.587412901993
010.597256064847
000.504848506109
000.754648426023
010.678941028916
010.605972194352
000.513936957984
010.704468367776
000.621052326101
010.77579766813
000.704057008786
010.638366757178
000.54825733428
100.531175696141
100.622345373443
000.577712545815
100.515310256979
000.665091096049
000.577230634919
010.605972194352
000.513936957984
100.565308387755
100.654162075596
000.543767786331
100.549618641913
000.633716868473
000.543277762648
000.755549989783
000.680002822064
000.607135669235
010.515154754442
000.705482359767
010.622199034444
000.776644518731
010.705071821292
000.639491485174
010.549464522977
110.529961423831
100.621198838856
010.578901478404
100.514092482696
010.66617617211
000.578419934196
000.607135669235
010.515154754442
110.564109974084
100.653058286052
010.544977015253
100.548411526775
010.634847785965
000.544487202368
000.782889614684
010.712577506513
010.643236327723
000.553491577255
010.736468497479
000.657695913163
010.802242410103
000.736084993657
010.674214344007
000.587262003992
000.508539476921
100.584309330072
000.615955469485
000.524422004485
000.699536448538
000.615488153672
010.643236327723
000.553491577255
100.525903927953
100.617360280416
000.582865164825
100.510024651186
000.66978695595
000.582384883448

266
