top-left-squareclass
top-middle-squaremiddle-right-squareclass
top-right-squarebottom-middle-squareclass
middle-left-squaretop-right-squareclass
middle-middle-squarebottom-right-squareclass
middle-right-squaretop-left-squareclass
bottom-left-squaremiddle-right-squareclass
bottom-middle-squaretop-left-squareclass
bottom-right-squaretop-middle-squareclass

negativepositive0.78856253376
positivepositive0.736250498894
negativepositive0.596138088094
negativepositive0.58219851741
positivepositive0.84461090177
positivepositive0.542798342767
positivepositive0.680229868136
positivepositive0.986990010483
positivepositive0.84313102788
positivepositive0.850598857435
negativepositive0.804141084366
negativepositive0.721807602628
negativepositive0.513406347474
positivepositive0.770878723444
negativepositive0.628020758693
negativepositive0.576657018181
positivepositive0.884299214291
positivepositive0.637030660831
positivepositive0.893039566744
positivepositive0.814281099141
negativepositive0.510813078095
positivepositive0.917204329615
positivepositive0.503583731148
positivepositive0.921474285602
positivepositive0.929028326655
positivepositive0.939364237611
negativepositive0.576883212747
negativepositive0.601327929712
positivepositive0.749966902477
positivepositive0.86048373845
positivepositive0.604986430254
positivepositive0.701806815617
positivepositive0.618663693192
positivepositive0.845452091664
positivepositive0.840163944611
positivepositive0.886879381669
positivepositive0.888006060824
positivepositive0.893607165827
positivepositive0.903561415826
negativepositive0.816243068828
negativepositive0.547146664951
negativepositive0.61173474729
positivepositive0.841926388878
positivepositive0.589353007387
positivepositive0.734664022883
positivepositive0.624622318178
positivepositive0.63802648128
positivepositive0.914561693141
positivepositive0.688213720247
negativepositive0.531182901317
positivepositive0.580955739976
positivepositive0.515304365079
positivepositive0.951775491589
positivepositive0.583031582118
positivepositive0.596962599559
positivepositive0.798264658612
positivepositive0.862101736265
negativepositive0.611382231896
positivepositive0.643353117495
positivepositive0.918922574159
positivepositive0.723725893078
positivepositive0.834517010223
positivepositive0.985947381298
positivepositive0.958944539726
positivepositive0.934689305579
positivepositive0.917722559597
positivepositive0.83349872766
positivepositive0.864194012673
positivepositive0.973492819267
positivepositive0.943560366509
positivepositive0.862920912056
positivepositive0.831208526598
negativepositive0.537898898476
positivepositive0.739782337677
positivepositive0.657882360685
positivepositive0.931236928604
positivepositive0.818462013271
positivepositive0.734214386258
positivepositive0.911579904571
negativepositive0.827264480313
negativepositive0.679646854
positivepositive0.66066060789
positivepositive0.766930746575
positivepositive0.67419613731
positivepositive0.689557098324
positivepositive0.63491912674
positivepositive0.892293776475
positivepositive0.839977331254
positivepositive0.811390516569
positivepositive0.859953718079
positivepositive0.783589798997
positivepositive0.576881910208
positivepositive0.527140639698
positivepositive0.826451505332
positivepositive0.763094055549
positivepositive0.954196505995
positivepositive0.883067900161
positivepositive0.739829960427
positivepositive0.673794754985
positivepositive0.590715486022
positivepositive0.605601099071
positivepositive0.913768830784
positivepositive0.788164387962
positivepositive0.800162877502
positivepositive0.950184120624
positivepositive0.809037837771
positivepositive0.923578614084
positivepositive0.895028438786
positivepositive0.91434125138
positivepositive0.946764736575
positivepositive0.871188004761
negativepositive0.679899388005
negativepositive0.577895482882
positivepositive0.927510496723
positivepositive0.958199887711
positivepositive0.852829859913
positivepositive0.808000854006
positivepositive0.842508592348
positivepositive0.94255339664
positivepositive0.887902223984
positivepositive0.806253875426
positivepositive0.815659145867
positivepositive0.842673001615
negativepositive0.632210172665
negativepositive0.764415919422
negativepositive0.676530950376
negativepositive0.627086321855
positivepositive0.880707678573
positivepositive0.847207527509
positivepositive0.765949636489
positivepositive0.830113817305
positivepositive0.949123822238
positivepositive0.898477732545
positivepositive0.789867717421
positivepositive0.885157361531
positivepositive0.681083597415
positivepositive0.933154840357
positivepositive0.701486984841
negativepositive0.716345283833
positivepositive0.670141583427
negativepositive0.500972655617
positivepositive0.708684038589
positivepositive0.772557715794
positivepositive0.787316939476
positivepositive0.860485102752
positivepositive0.870210073222
positivepositive0.775361239867
positivepositive0.743874758053
negativepositive0.805943506922
positivepositive0.760643776412
positivepositive0.961498850584
positivepositive0.958068652579
positivepositive0.663774098017
negativepositive0.646693342232
positivepositive0.98355297869
positivepositive0.977063118191
positivepositive0.82350277371
negativepositive0.702846395316
positivepositive0.64260626524
negativepositive0.650608646618
positivepositive0.500948089597
negativepositive0.790588809871
positivepositive0.923036380437
positivepositive0.61569052797
negativepositive0.564771064977
positivepositive0.805307103224
positivepositive0.719855842746
positivepositive0.678035432506
negativepositive0.508801423853
positivepositive0.643851927955
negativepositive0.599726701228
negativepositive0.646946361489
positivepositive0.849064364855
positivepositive0.597488383307
positivepositive0.807032719611
positivepositive0.618340273506
positivepositive0.75209946707
positivepositive0.948230284204
positivepositive0.809779527246
positivepositive0.855309621657
positivepositive0.964901014402
positivepositive0.785971909254
positivepositive0.62071886351
positivepositive0.697769494282
positivepositive0.894852889733
positivepositive0.830635859664
positivepositive0.937639233686
positivepositive0.516656377631
negativepositive0.516851606542
positivepositive0.562318300528
positivepositive0.641666974857
positivepositive0.845912479554
positivepositive0.932479136532
positivepositive0.750619660722
positivepositive0.71945252221
positivepositive0.714236578056
positivepositive0.741844149051
positivepositive0.926167027626
positivepositive0.956825838948
positivepositive0.878162313803
positivepositive0.5908272196
positivepositive0.584600626472
positivepositive0.7709713433
positivepositive0.94846136284
positivepositive0.619778970953
positivepositive0.696927312364
positivepositive0.849995931059
positivepositive0.661045759388
positivepositive0.780393379885
positivepositive0.96253146722
positivepositive0.822985239204
negativepositive0.523838331776
positivepositive0.901707244795
positivepositive0.591508526148
positivepositive0.708598329217
positivepositive0.914429603513
positivepositive0.931632796319
positivepositive0.882986461225
positivepositive0.875239431162
positivepositive0.610682609297
positivepositive0.57801933593
positivepositive0.883492053638
positivepositive0.812900416793
positivepositive0.803189950373
positivepositive0.941547741972
positivepositive0.717720035574
positivepositive0.673099856974
positivepositive0.779161876259
positivepositive0.947804138331
negativepositive0.740621550373
negativepositive0.540530135797
positivepositive0.926445413931
positivepositive0.526421743685
positivepositive0.817461210974
positivepositive0.841488048005
positivepositive0.733078841917
positivepositive0.76746849309
positivepositive0.842081708035
positivepositive0.736946751337
positivepositive0.899081516884
positivepositive0.821716245713
positivepositive0.920984959403
positivepositive0.82942396991
positivepositive0.542105872176
positivepositive0.560486068937
positivepositive0.571702913643
positivepositive0.713884810607
positivepositive0.508111546047
negativepositive0.50606725684
positivepositive0.931323009431
positivepositive0.93966113106
positivepositive0.937404179197
positivepositive0.773189799228
positivepositive0.96446730769
positivepositive0.683769307772
positivepositive0.671500254989
positivepositive0.875778789637
negativepositive0.640895465011
positivepositive0.71066123491
positivepositive0.774290287034
positivepositive0.922066999897
positivepositive0.968832305974
positivepositive0.703451914139
positivepositive0.872691147894
positivepositive0.880331673882
positivepositive0.604094800864
positivepositive0.758397590653
positivepositive0.931892943132
positivepositive0.927530879809
positivepositive0.954814818911
positivepositive0.811199951624
positivepositive0.873022066544
positivepositive0.616967863379
positivepositive0.868326865545
positivepositive0.878335189177
positivepositive0.908296655121
positivepositive0.915562347136
positivepositive0.924566450571
positivepositive0.787828273847
positivepositive0.802563983636
positivepositive0.944614793801
positivepositive0.725356580303
positivepositive0.788396690979
positivepositive0.922058301541
positivepositive0.566561502997
positivepositive0.84041122514
positivepositive0.85947664731
positivepositive0.76356955291
positivepositive0.911035397565
positivepositive0.968977137544
positivepositive0.954806287442
positivepositive0.911223705542
positivepositive0.84423322664
positivepositive0.930694940252
positivepositive0.657539655972
positivepositive0.914963882326
positivepositive0.786870892664
positivepositive0.899264585678
positivepositive0.793068314115
positivepositive0.95311879791
positivepositive0.948790406301
positivepositive0.861962964533
positivepositive0.940238358317
positivepositive0.934802104527
positivepositive0.79106905996
positivepositive0.896263356535
positivepositive0.819466735152
positivepositive0.819006511384
positivepositive0.872288837683
positivepositive0.735107010097
positivepositive0.911683601919
positivepositive0.748130587585
positivepositive0.720248223679
positivenegative0.696144475139
negativenegative0.695990600462
negativenegative0.542683980973
negativenegative0.830210864922
negativenegative0.508600598866
negativenegative0.57204685651
negativenegative0.535511130332
negativenegative0.818065860993
negativenegative0.517974357326
negativenegative0.682876033591
positivenegative0.614470194306
positivenegative0.770439748975
negativenegative0.933186571338
negativenegative0.849403855721
negativenegative0.618798976945
negativenegative0.718303372019
negativenegative0.589412243338
negativenegative0.870072775123
negativenegative0.721908569473
negativenegative0.609112638596
positivenegative0.508315530583
positivenegative0.516722096987
negativenegative0.670795087592
negativenegative0.800044953822
positivenegative0.657790115801
negativenegative0.570010663226
negativenegative0.667167973137
positivenegative0.922421892929
positivenegative0.76832554511
negativenegative0.527836772578
positivenegative0.894852686201
positivenegative0.843561271514
negativenegative0.85939934063
positivenegative0.680902539982
positivenegative0.785785771588
negativenegative0.721012862837
negativenegative0.619801321752
negativenegative0.656261502938
positivenegative0.583302768837
positivenegative0.685738942104
positivenegative0.513941409914
negativenegative0.745827671717
positivenegative0.640547323602
negativenegative0.811439004448
positivenegative0.774073583619
positivenegative0.588202191851
negativenegative0.843723559669
negativenegative0.81276247189
negativenegative0.831270081222
negativenegative0.608628102436
negativenegative0.522648238529
negativenegative0.591921801212
negativenegative0.578663646619
negativenegative0.514935082901
positivenegative0.568194014973
positivenegative0.758437646933
positivenegative0.576483142342
negativenegative0.920602600139
negativenegative0.707132394804
negativenegative0.725202566144
negativenegative0.795361362999
positivenegative0.88918013547
positivenegative0.826760470528
positivenegative0.849431701443
negativenegative0.755833715745
positivenegative0.60804304653
negativenegative0.563652380947
negativenegative0.777723193708
positivenegative0.585111102477
positivenegative0.596716109316
positivenegative0.620994101582
negativenegative0.815677917574
positivenegative0.520421303287
negativenegative0.597322923583
negativenegative0.96783985674
negativenegative0.950045830988
negativenegative0.748244800108
positivenegative0.683153399961
negativenegative0.574866327
negativenegative0.839179437959
negativenegative0.761526261239
positivenegative0.600608245467
negativenegative0.517006813644
positivenegative0.722108859498
negativenegative0.831087044448
positivenegative0.624766942606
negativenegative0.509767828867
negativenegative0.648015247003
negativenegative0.762389095134
negativenegative0.716403881721
negativenegative0.546833639184
positivenegative0.525836386648
positivenegative0.95370086625
positivenegative0.872732951495
positivenegative0.811051306425
negativenegative0.526331775908
negativenegative0.621638216716
negativenegative0.847758660535
positivenegative0.548520850548
negativenegative0.776780273337
positivenegative0.672054935579
positivenegative0.540756005452
positivenegative0.679986046572
negativenegative0.580219306417
positivenegative0.565700290946
negativenegative0.512863905201
positivenegative0.871358936284
positivenegative0.795584187977
positivenegative0.689281305841
negativenegative0.692666371185
negativenegative0.541307008009
positivenegative0.755127070296
negativenegative0.837925933898
negativenegative0.751069857823
negativenegative0.826980904444
positivenegative0.858294591287
positivenegative0.697346006771
negativenegative0.721457907089
positivenegative0.589886485139
positivenegative0.512415966538
positivenegative0.680902435656
positivenegative0.518443848667
negativenegative0.739948579834
negativenegative0.571506666994
positivenegative0.687547196629
positivenegative0.816983427162
positivenegative0.511380845818
negativenegative0.663346784825
negativenegative0.701409777656
positivenegative0.70358574222
negativenegative0.633739985583
positivenegative0.621855873952
positivenegative0.597736146124
negativenegative0.735703510118
negativenegative0.677299472032
negativenegative0.58467740015
negativenegative0.802389478345
negativenegative0.554553768356
negativenegative0.543095752431
negativenegative0.741674470812
positivenegative0.540586461185
negativenegative0.505068413039
negativenegative0.508311190065
positivenegative0.503397916439
negativenegative0.536019316934
negativenegative0.774843744852
positivenegative0.572116283631
positivenegative0.808788383921
positivenegative0.660035877762
positivenegative0.736499920063
positivenegative0.579534379004
positivenegative0.649960207817
positivenegative0.776703676056
positivenegative0.857483210756
negativenegative0.5571162929
positivenegative0.66178396536
positivenegative0.520660935025
positivenegative0.745812755614
negativenegative0.897165449003
positivenegative0.766518606024
positivenegative0.622592566021
negativenegative0.789674412148
positivenegative0.808366741029
negativenegative0.548353609098
negativenegative0.692410114338
positivenegative0.899906129118

362
