lymphaticsclass
block_of_affereextravasatesclass
bl_of_lymph_cno_of_nodes_inclass
bl_of_lymph_sno_of_nodes_inclass
by_passno_of_nodes_inclass
extravasateschanges_in_struclass
regeneration_ofno_of_nodes_inclass
early_uptake_inno_of_nodes_inclass
lym_nodes_diminno_of_nodes_inclass
lym_nodes_enlarno_of_nodes_inclass
changes_in_lymchanges_in_struclass
defect_in_nodechanges_in_nodeclass
changes_in_nodechanges_in_struclass
changes_in_strulymphaticsclass
special_formsdefect_in_nodeclass
dislocation_ofno_of_nodes_inclass
exclusion_of_nochanges_in_struclass
no_of_nodes_inchanges_in_struclass

malign_lymphmalign_lymph0.99902075427
malign_lymphmalign_lymph0.997555036324
metastasesmalign_lymph0.713690118643
metastasesmalign_lymph0.96574524773
malign_lymphmalign_lymph0.722953792838
malign_lymphmalign_lymph0.983100104804
malign_lymphmalign_lymph0.652765530938
malign_lymphmalign_lymph0.963350304947
malign_lymphmalign_lymph0.999565155503
malign_lymphmalign_lymph0.987441383876
metastasesmalign_lymph0.952913250736
metastasesmalign_lymph0.553933570588
malign_lymphmalign_lymph0.997930722291
malign_lymphmalign_lymph0.516100590181
metastasesmalign_lymph0.894630396605
malign_lymphmalign_lymph0.999515880307
metastasesmalign_lymph0.981013327393
malign_lymphmalign_lymph0.997533173169
metastasesmetastases0.956849642204
metastasesmetastases0.996740424641
metastasesmetastases0.874879832186
metastasesmetastases0.999333050234
malign_lymphmetastases0.673753660109
metastasesmetastases0.962239027776
metastasesmetastases0.997919275695
metastasesmetastases0.974919738564
metastasesmetastases0.997386959565
metastasesmetastases0.99589315192
metastasesmetastases0.996308507071
metastasesmetastases0.829815267428
metastasesmetastases0.992446720351
metastasesmetastases0.909208328218
metastasesmetastases0.966514113933
metastasesmetastases0.936742403932
metastasesmetastases0.986269197234
metastasesmetastases0.988908106147
metastasesmetastases0.780063829136
metastasesmetastases0.967680371467
metastasesmetastases0.8757115521
metastasesmetastases0.880833114137
metastasesmetastases0.622697959716
metastasesmetastases0.804267661289

35
