lymphaticsclass
block_of_affereclass
bl_of_lymph_cclass
bl_of_lymph_sclass
by_passclass
extravasatesclass
regeneration_ofclass
early_uptake_inclass
lym_nodes_diminclass
lym_nodes_enlarclass
changes_in_lymclass
defect_in_nodeclass
changes_in_nodeclass
changes_in_struclass
special_formsclass
dislocation_ofclass
exclusion_of_noclass
no_of_nodes_inclass

malign_lymphmalign_lymph0.999905667857
malign_lymphmalign_lymph0.964751256497
malign_lymphmalign_lymph0.999100212504
metastasesmalign_lymph0.975031919657
metastasesmalign_lymph0.878788030231
malign_lymphmalign_lymph0.94292423965
malign_lymphmalign_lymph0.880399582454
malign_lymphmalign_lymph0.999223101607
malign_lymphmalign_lymph0.999338883578
malign_lymphmalign_lymph0.992470205492
metastasesmalign_lymph0.997124812086
metastasesmalign_lymph0.881504905698
malign_lymphmalign_lymph0.988837511922
malign_lymphmalign_lymph0.998333381376
malign_lymphmalign_lymph0.746749246102
malign_lymphmalign_lymph0.995910009628
metastasesmalign_lymph0.974786684767
malign_lymphmalign_lymph0.991660055042
metastasesmetastases0.932871375848
metastasesmetastases0.996866463371
metastasesmetastases0.996639192962
metastasesmetastases0.998526446393
metastasesmetastases0.99642196707
metastasesmetastases0.970916558831
metastasesmetastases0.997532198407
metastasesmetastases0.999455903435
metastasesmetastases0.99852785788
metastasesmetastases0.868691420426
metastasesmetastases0.997421737585
metastasesmetastases0.837352162093
metastasesmetastases0.974307807396
metastasesmetastases0.972739273777
metastasesmetastases0.931952598997
metastasesmetastases0.983571078569
metastasesmetastases0.996973138312
metastasesmetastases0.997252865072
metastasesmetastases0.918603323241
metastasesmetastases0.943388925344
metastasesmetastases0.990664265403
metastasesmetastases0.960654491087
malign_lymphmetastases0.72938488669
metastasesmetastases0.929106187565

36
