top-left-squareclass
top-middle-squareclass
top-right-squareclass
middle-left-squareclass
middle-middle-squareclass
middle-right-squareclass
bottom-left-squareclass
bottom-middle-squareclass
bottom-right-squareclass

negativepositive0.67035395778
positivepositive0.579568941916
negativepositive0.522184885649
negativepositive0.716889212297
positivepositive0.838650699916
positivepositive0.775289004296
positivepositive0.738433764691
positivepositive0.887817019115
positivepositive0.840081205936
positivepositive0.69392787254
negativepositive0.548522938253
negativepositive0.515111929899
positivepositive0.672688383205
positivepositive0.686478938896
positivepositive0.514199294145
negativepositive0.587342337146
positivepositive0.663247726031
positivepositive0.602388202761
positivepositive0.91213870332
positivepositive0.833846339416
positivepositive0.769117380779
positivepositive0.903272336148
positivepositive0.589778307135
positivepositive0.801204487911
positivepositive0.727908615877
positivepositive0.783289685638
positivepositive0.585763292434
negativepositive0.51582565014
positivepositive0.557030923592
positivepositive0.589853355316
positivepositive0.726023351462
positivepositive0.500003933223
positivepositive0.533513210052
positivepositive0.71404056043
positivepositive0.82582745218
positivepositive0.844300129794
positivepositive0.922113339766
positivepositive0.83632414276
positivepositive0.772296873272
negativepositive0.738146543694
positivepositive0.542686150807
negativepositive0.746290662124
positivepositive0.56175623684
positivepositive0.699624688105
positivepositive0.735408577974
positivepositive0.837973685963
positivepositive0.690603616684
positivepositive0.804415416307
positivepositive0.78062916784
positivepositive0.544654856006
positivepositive0.693771957362
negativepositive0.60641651736
positivepositive0.86277676764
positivepositive0.806705696895
positivepositive0.643011680857
positivepositive0.74170584917
positivepositive0.87537648951
positivepositive0.541563847394
negativepositive0.513161131315
positivepositive0.81812075534
positivepositive0.850374596459
positivepositive0.871498122431
positivepositive0.950029523165
positivepositive0.935202565082
positivepositive0.844877113163
positivepositive0.919855996653
positivepositive0.670412689736
positivepositive0.884655069363
positivepositive0.896726251568
positivepositive0.948180871786
positivepositive0.887604339803
positivepositive0.840691134024
positivepositive0.542147919995
positivepositive0.768486216461
positivepositive0.687827306892
positivepositive0.891233964922
positivepositive0.861504722895
positivepositive0.701263280416
positivepositive0.83184210451
positivepositive0.535928697986
positivepositive0.522880498347
positivepositive0.813236904483
positivepositive0.838608329333
positivepositive0.598164378525
positivepositive0.806685111852
positivepositive0.730082477672
positivepositive0.86974043783
positivepositive0.826876860712
positivepositive0.772744029311
positivepositive0.864516251265
positivepositive0.883915850083
positivepositive0.766698376659
positivepositive0.533435288198
positivepositive0.863708013626
positivepositive0.80793275206
positivepositive0.849294424428
positivepositive0.922334464682
positivepositive0.8367457075
positivepositive0.724589589753
negativepositive0.570218847946
positivepositive0.749669699124
positivepositive0.894231742599
positivepositive0.888475720296
positivepositive0.8390938807
positivepositive0.927917141226
positivepositive0.91100928953
positivepositive0.902041189632
positivepositive0.890867008878
positivepositive0.942264563815
positivepositive0.936225739123
positivepositive0.921101054225
positivepositive0.78558106962
positivepositive0.5120988413
positivepositive0.954614815106
positivepositive0.896541918367
positivepositive0.857665601113
positivepositive0.54981755552
positivepositive0.821589261031
positivepositive0.91657281655
positivepositive0.785977113407
positivepositive0.709105315499
positivepositive0.78880307439
positivepositive0.721995629103
positivepositive0.560951464716
positivepositive0.603902536859
negativepositive0.696002675454
positivepositive0.550441797249
positivepositive0.830492821476
positivepositive0.821958683936
positivepositive0.751366011247
positivepositive0.881794631737
positivepositive0.85575002856
positivepositive0.84217786906
positivepositive0.825496094806
positivepositive0.904376266898
positivepositive0.894816897042
positivepositive0.871222510567
positivepositive0.861778322489
negativepositive0.53228144343
positivepositive0.712704874426
positivepositive0.700379970854
positivepositive0.917240550649
positivepositive0.760485745689
positivepositive0.934391341592
positivepositive0.92759230018
positivepositive0.910615593061
positivepositive0.942000337984
positivepositive0.711922627189
negativepositive0.715137132858
positivepositive0.704673601723
positivepositive0.869941773753
positivepositive0.841754259954
positivepositive0.630564775574
negativepositive0.582869567533
positivepositive0.894516879548
positivepositive0.803897812474
positivepositive0.708404089448
negativepositive0.670059857072
positivepositive0.649937115808
negativepositive0.70591457356
positivepositive0.538713995889
negativepositive0.56331709864
positivepositive0.719720328469
negativepositive0.576155843532
negativepositive0.545824542526
positivepositive0.701415837508
positivepositive0.626922323485
positivepositive0.544693936575
negativepositive0.513105297736
positivepositive0.728184288122
positivepositive0.536222600835
negativepositive0.713138394946
positivepositive0.690363355671
positivepositive0.596768063158
positivepositive0.638473473935
positivepositive0.588297074776
positivepositive0.801356326859
positivepositive0.791723147762
positivepositive0.741736036978
positivepositive0.70820112594
positivepositive0.85836029683
positivepositive0.634518383814
positivepositive0.706312564236
positivepositive0.733368393292
positivepositive0.857247689373
positivepositive0.741593995483
positivepositive0.88944262712
positivepositive0.69740547592
negativepositive0.537416944421
positivepositive0.637860563173
positivepositive0.698982059616
positivepositive0.866833386552
positivepositive0.867647678546
positivepositive0.840375097835
positivepositive0.778664451711
positivepositive0.769505905029
positivepositive0.74829743274
positivepositive0.86235284313
positivepositive0.893539401991
positivepositive0.869700179699
positivepositive0.541894178961
positivepositive0.528866258275
positivepositive0.68315142844
positivepositive0.841831270947
positivepositive0.658645253128
positivepositive0.688153581746
positivepositive0.802609031248
negativepositive0.578518839523
positivepositive0.807046836959
positivepositive0.86958881753
positivepositive0.772509037534
positivepositive0.565008722154
positivepositive0.898996312806
positivepositive0.718298006869
negativepositive0.512219217211
positivepositive0.878072998206
positivepositive0.845370577608
positivepositive0.879868786579
positivepositive0.853470366683
positivepositive0.507935145035
negativepositive0.505158245481
positivepositive0.77782804688
positivepositive0.766850848466
positivepositive0.796950380545
positivepositive0.916684789268
positivepositive0.759153722337
negativepositive0.612507458605
positivepositive0.609630697048
positivepositive0.816129693164
positivepositive0.527889104296
positivepositive0.561169735506
positivepositive0.702052487637
negativepositive0.703138155673
positivepositive0.707928346189
positivepositive0.794413554793
positivepositive0.663055996764
positivepositive0.507856297567
positivepositive0.743114232326
positivepositive0.657554768267
positivepositive0.85334747251
positivepositive0.74768546195
positivepositive0.825303318997
positivepositive0.828881332986
positivepositive0.81183888015
positivepositive0.6506092048
positivepositive0.589934177457
positivepositive0.859966109861
negativepositive0.502549488541
negativepositive0.541791706685
positivepositive0.736945443338
positivepositive0.693883369393
positivepositive0.848381429623
positivepositive0.615827505878
positivepositive0.800104769682
positivepositive0.75149787893
positivepositive0.745073479268
positivepositive0.733618174311
positivepositive0.504171702193
positivepositive0.609213559754
positivepositive0.814854974071
positivepositive0.805717702991
positivepositive0.868620363995
positivepositive0.654465848968
positivepositive0.70239136641
positivepositive0.94176768362
positivepositive0.822478561154
positivepositive0.779773706979
positivepositive0.824989024844
positivepositive0.908540224789
positivepositive0.930110270897
positivepositive0.913668981998
positivepositive0.652248956864
positivepositive0.640276062719
positivepositive0.773689300296
positivepositive0.894058693396
positivepositive0.872366703128
positivepositive0.944047493282
positivepositive0.940823092103
positivepositive0.53477668971
positivepositive0.739420039892
positivepositive0.889686110639
positivepositive0.670151107908
positivepositive0.699119176114
positivepositive0.810657343202
negativepositive0.565887182739
positivepositive0.814955921612
positivepositive0.875330339304
positivepositive0.781450443051
positivepositive0.652177398772
positivepositive0.840159394241
positivepositive0.777232787926
positivepositive0.913591464666
positivepositive0.843367717706
positivepositive0.895659058857
positivepositive0.509546599348
positivepositive0.856414190562
positivepositive0.936400993738
positivepositive0.932767326031
positivepositive0.674805491402
positivepositive0.651148861107
positivepositive0.875589586554
positivepositive0.888489911308
positivepositive0.56222613721
positivepositive0.828838854465
positivepositive0.52074646214
positivepositive0.752841339573
positivepositive0.669078912027
positivepositive0.859688665267
positivepositive0.757296009795
positivepositive0.832619278933
positivepositive0.676885189783
positivepositive0.612384161835
positivepositive0.715803321682
positivenegative0.721982918509
negativenegative0.644585801295
negativenegative0.603147230024
negativenegative0.696016073727
negativenegative0.691586783764
negativenegative0.571772733075
positivenegative0.624485049766
negativenegative0.652582575014
positivenegative0.567881762664
negativenegative0.500587393229
positivenegative0.640940961112
positivenegative0.781125541091
negativenegative0.804412436901
negativenegative0.594672017105
negativenegative0.59296613329
negativenegative0.644634699113
positivenegative0.670584820516
negativenegative0.72505055408
positivenegative0.685243758018
positivenegative0.681357832104
positivenegative0.508279823494
positivenegative0.657936238039
positivenegative0.638665124379
positivenegative0.606099330485
positivenegative0.742500585469
positivenegative0.730971411498
positivenegative0.754499396546
positivenegative0.757612813059
positivenegative0.713108809451
positivenegative0.583962604609
positivenegative0.798496663758
positivenegative0.739218716732
negativenegative0.609638827852
positivenegative0.501384669742
positivenegative0.80561532926
negativenegative0.599513689278
positivenegative0.694628106477
positivenegative0.675423916866
positivenegative0.703537683925
positivenegative0.813128738273
positivenegative0.689048482447
positivenegative0.593767606106
positivenegative0.803821632566
positivenegative0.784930959118
positivenegative0.81051731769
positivenegative0.644220542865
negativenegative0.796686943299
negativenegative0.582957066536
negativenegative0.595632880064
positivenegative0.681184446018
negativenegative0.631734836236
positivenegative0.804855245322
negativenegative0.572625020205
positivenegative0.745952187515
positivenegative0.649755390388
positivenegative0.735054126828
positivenegative0.781710895394
negativenegative0.836806139171
negativenegative0.675031027712
negativenegative0.723148635329
negativenegative0.7438434892
positivenegative0.756568725954
positivenegative0.759664258793
positivenegative0.74864341305
negativenegative0.656730557105
positivenegative0.56337395255
negativenegative0.505174074981
negativenegative0.702865825329
positivenegative0.665581723674
positivenegative0.653824238055
positivenegative0.586681946254
negativenegative0.80728298671
negativenegative0.629209429617
negativenegative0.70346227939
negativenegative0.856251201147
negativenegative0.838925926594
negativenegative0.862578513461
negativenegative0.569681001407
negativenegative0.588586732534
negativenegative0.809699051437
negativenegative0.865848595765
negativenegative0.723345263437
negativenegative0.785182852197
positivenegative0.713752560317
negativenegative0.763674409662
positivenegative0.612582685318
positivenegative0.561181233365
negativenegative0.739149022702
positivenegative0.56531335843
negativenegative0.7055656415
positivenegative0.512629991093
positivenegative0.744837298206
positivenegative0.793386455538
positivenegative0.744577282835
positivenegative0.722422133806
positivenegative0.557152023733
positivenegative0.700693019812
negativenegative0.684349193681
negativenegative0.576335501941
positivenegative0.673276622702
positivenegative0.647330575943
positivenegative0.661652147066
positivenegative0.597510268542
positivenegative0.725875973836
positivenegative0.586606024002
positivenegative0.799110278564
positivenegative0.779890161693
positivenegative0.790570205326
positivenegative0.741312660525
positivenegative0.682524436901
negativenegative0.728754913555
positivenegative0.709623040822
negativenegative0.799642635893
negativenegative0.61785121969
negativenegative0.693269807242
positivenegative0.801287129338
positivenegative0.792815603842
negativenegative0.666467790595
positivenegative0.674066654015
negativenegative0.636654185877
positivenegative0.604808103138
negativenegative0.802131008966
negativenegative0.706292431533
negativenegative0.717039113474
positivenegative0.73192748036
positivenegative0.633886296888
positivenegative0.73556610164
positivenegative0.586194168102
negativenegative0.516957941709
positivenegative0.723708597142
positivenegative0.699982863768
positivenegative0.732227725229
positivenegative0.705412411099
negativenegative0.859740373423
negativenegative0.686185246063
negativenegative0.684660275501
negativenegative0.729989409922
positivenegative0.577324553519
positivenegative0.747479956512
negativenegative0.676993602373
positivenegative0.652425655749
positivenegative0.542532902296
positivenegative0.639454701164
positivenegative0.695983550358
positivenegative0.701636836184
positivenegative0.71472495654
positivenegative0.763691032442
positivenegative0.735505198307
negativenegative0.690502707151
positivenegative0.614239925413
positivenegative0.686345404612
positivenegative0.657285887315
positivenegative0.74148033313
positivenegative0.787332862579
positivenegative0.734561296222
negativenegative0.666322896165
positivenegative0.663316223532
negativenegative0.619964704686
negativenegative0.744871418147
positivenegative0.77249621552
positivenegative0.574657218999
negativenegative0.511291769598
positivenegative0.738652865125
negativenegative0.677812782477
negativenegative0.744655728849
positivenegative0.766474169567

346
